Arguments: 
  /Users/eyoung2/.nvm/versions/node/v8.9.0/bin/node /Users/eyoung2/.nvm/versions/node/v8.9.0/bin/yarn test

PATH: 
  /Users/eyoung2/.yarn/bin:/Users/eyoung2/.nvm/versions/node/v8.9.0/bin:/usr/local/bin:/usr/bin:/bin:/usr/sbin:/sbin:/Library/Frameworks/Mono.framework/Versions/Current/Commands

Yarn version: 
  1.12.3

Node version: 
  8.9.0

Platform: 
  darwin x64

Trace: 
  SyntaxError: /Users/eyoung2/training/habit/package.json: Unexpected token j in JSON at position 225
      at JSON.parse (<anonymous>)
      at /Users/eyoung2/.nvm/versions/node/v8.9.0/lib/node_modules/yarn/lib/cli.js:1631:59
      at Generator.next (<anonymous>)
      at step (/Users/eyoung2/.nvm/versions/node/v8.9.0/lib/node_modules/yarn/lib/cli.js:304:30)
      at /Users/eyoung2/.nvm/versions/node/v8.9.0/lib/node_modules/yarn/lib/cli.js:315:13
      at <anonymous>

npm manifest: 
  {
      "name": "Habit-Tracker",
      "version": "1.0.0",
      "description": "A Trello Power-Up that allows you to track your habits.",
      "main": "server.js",
      "scripts": {
          "start": "nodejs app.js",
          "test": jest --config jest.config.js"
      },
      "dependencies": {
          "bluebird": "^3.4.7",
          "compression": "1.6.2",
          "cors": "^2.8.1",
          "express": "4.14.0",
          "nedb": "^1.8.0",
          "request": "^2.79.0",
          "request-promise": "^4.1.1",
          "body-parser": "^1.15.2",
          "lodash": "^4.17.4"
      },
      "keywords": [
          "node",
          "hyperdev",
          "express"
      ],
      "license": "MIT",
      "devDependencies": {
          "jest": "^23.6.0"
      }
  }

yarn manifest: 
  No manifest

Lockfile: 
  No lockfile
